<?xml version="1.0" encoding="utf-8"?><testsuites name="pytest tests"><testsuite name="pytest" errors="0" failures="0" skipped="0" tests="27" time="2.131" timestamp="2026-05-07T12:43:56.795409+00:00" hostname="agent-env-527fcbec-9d95-4808-a55f-107f619d8ce5"><testcase classname="backend.tests.test_prizma_api.TestRoot" name="test_root_ok" time="0.266" /><testcase classname="backend.tests.test_prizma_api.TestAuthEnforcement" name="test_extension_health_no_key" time="0.049" /><testcase classname="backend.tests.test_prizma_api.TestAuthEnforcement" name="test_extension_health_wrong_key" time="0.044" /><testcase classname="backend.tests.test_prizma_api.TestAuthEnforcement" name="test_extension_health_ok" time="0.049" /><testcase classname="backend.tests.test_prizma_api.TestAuthEnforcement" name="test_ingest_requires_key[/ingest/product-payload0]" time="0.094" /><testcase classname="backend.tests.test_prizma_api.TestAuthEnforcement" name="test_ingest_requires_key[/ingest/products-payload1]" time="0.092" /><testcase classname="backend.tests.test_prizma_api.TestAuthEnforcement" name="test_ingest_requires_key[/ingest/page-payload2]" time="0.099" /><testcase classname="backend.tests.test_prizma_api.TestAuthEnforcement" name="test_ingest_requires_key[/ingest/cf-session-payload3]" time="0.090" /><testcase classname="backend.tests.test_prizma_api.TestIngest" name="test_ingest_single_product" time="0.053" /><testcase classname="backend.tests.test_prizma_api.TestIngest" name="test_ingest_products_batch" time="0.049" /><testcase classname="backend.tests.test_prizma_api.TestIngest" name="test_ingest_products_empty" time="0.057" /><testcase classname="backend.tests.test_prizma_api.TestIngest" name="test_ingest_page" time="0.072" /><testcase classname="backend.tests.test_prizma_api.TestIngest" name="test_ingest_cf_session" time="0.071" /><testcase classname="backend.tests.test_prizma_api.TestIngest" name="test_ingest_validation_error" time="0.051" /><testcase classname="backend.tests.test_prizma_api.TestProducts" name="test_list_products_default" time="0.055" /><testcase classname="backend.tests.test_prizma_api.TestProducts" name="test_list_products_filter_source" time="0.049" /><testcase classname="backend.tests.test_prizma_api.TestProducts" name="test_list_products_search" time="0.050" /><testcase classname="backend.tests.test_prizma_api.TestProducts" name="test_list_products_pagination" time="0.049" /><testcase classname="backend.tests.test_prizma_api.TestProducts" name="test_discount_percent_calculated" time="0.046" /><testcase classname="backend.tests.test_prizma_api.TestProducts" name="test_discount_none_when_no_old_price" time="0.092" /><testcase classname="backend.tests.test_prizma_api.TestAnalytics" name="test_summary" time="0.053" /><testcase classname="backend.tests.test_prizma_api.TestAnalytics" name="test_top_sellers" time="0.047" /><testcase classname="backend.tests.test_prizma_api.TestAnalytics" name="test_top_sellers_filter_source" time="0.047" /><testcase classname="backend.tests.test_prizma_api.TestAnalytics" name="test_source_distribution" time="0.084" /><testcase classname="backend.tests.test_prizma_api.TestPages" name="test_list_pages" time="0.049" /><testcase classname="backend.tests.test_prizma_api.TestCORS" name="test_cors_preflight_ingest" time="0.017" /><testcase classname="backend.tests.test_prizma_api.TestCORS" name="test_cors_actual_post_origin_header" time="0.059" /></testsuite></testsuites>